<?xml version="1.0" encoding="UTF-8"?>
<!-- Generated by org.testng.reporters.JUnitReportReporter -->
<testsuite hostname="A291098" name="NavigationTest.NavigationTest" tests="2" failures="0" timestamp="28 Jul 2016 05:49:02 GMT" time="1.717" errors="0">
  <testcase name="compareHomeTitle" time="0.041" classname="NavigationTest.NavigationTest"/>
  <testcase name="compareApproachTitle" time="1.676" classname="NavigationTest.NavigationTest"/>
</testsuite> <!-- NavigationTest.NavigationTest -->
